#
# A fatal error has been detected by the Java Runtime Environment:
#
#  Internal Error (0xc06d007e), pid=12220, tid=0x00000000000025c0
#
# JRE version: OpenJDK Runtime Environment (8.0) (build 1.8.0-adoptopenjdk-_2018_05_19_00_59-b00)
# Java VM: OpenJDK 64-Bit Server VM (25.71-b00 mixed mode windows-amd64 compressed oops)
# Problematic frame:
# C  [KERNELBASE.dll+0x3a799]
#
# Failed to write core dump. Minidumps are not enabled by default on client versions of Windows
#
# If you would like to submit a bug report, please visit:
#   http://bugreport.java.com/bugreport/crash.jsp
# The crash happened outside the Java Virtual Machine in native code.
# See problematic frame for where to report the bug.
#

---------------  T H R E A D  ---------------

Current thread (0x0000000002894000):  JavaThread "main" [_thread_in_native, id=9664, stack(0x0000000002740000,0x0000000002840000)]

siginfo: ExceptionCode=0xc06d007e, ExceptionInformation=0x000000000283c550 

Registers:
RAX=0x0000000000000001, RBX=0x0000000000000000, RCX=0x0000000000800000, RDX=0x01d4de0e00000080
RSP=0x000000000283c450, RBP=0x000000000283c5a8, RSI=0x00007ffeffe931a0, RDI=0x0000000000000000
R8 =0x000000000283c3a0, R9 =0x000000007ffe0384, R10=0x000000007ffe0385, R11=0x0000000000000040
R12=0x0000000000000004, R13=0x00007ffeffe96370, R14=0x00007ffeffe96108, R15=0x00007ffeffe93408
RIP=0x00007fff0719a799, EFLAGS=0x0000000000000206

Top of Stack: (sp=0x000000000283c450)
0x000000000283c450:   00007ffeffe96370 0000000000000000
0x000000000283c460:   00007ffeffe931a0 0000000000000000
0x000000000283c470:   00000000c06d007e 0000000000000000
0x000000000283c480:   00007fff0719a799 00007fff00000001
0x000000000283c490:   000000000283c550 00007ffeffe931a0
0x000000000283c4a0:   0000000000000000 0000000000000000
0x000000000283c4b0:   0000000000000000 00007fff071bc6c0
0x000000000283c4c0:   0000000000000000 00007ffeffe931a0
0x000000000283c4d0:   000000001adc0090 0000000000000000
0x000000000283c4e0:   0000000000000000 0000000000000000
0x000000000283c4f0:   00007ffeffe92650 00007fff071bbc7f
0x000000000283c500:   0000000000000000 0000000000000370
0x000000000283c510:   0000be0022ba2e20 00007fff0993ba3b
0x000000000283c520:   0000000000000000 00007ffeffe8ed6f
0x000000000283c530:   0000000000000000 00007ffeffe931a0
0x000000000283c540:   00000000028804e8 000000000283c630 

Instructions: (pc=0x00007fff0719a799)
0x00007fff0719a779:   8b d1 44 0f 47 c0 44 89 44 24 38 49 c1 e0 03 e8
0x00007fff0719a789:   da 4e 05 00 48 8d 4c 24 20 48 ff 15 1f c8 16 00
0x00007fff0719a799:   0f 1f 44 00 00 48 8b 8c 24 c0 00 00 00 48 33 cc
0x00007fff0719a7a9:   e8 72 ef 04 00 48 81 c4 d8 00 00 00 c3 83 64 24 


Register to memory mapping:

RAX=0x0000000000000001 is an unknown value
RBX=0x0000000000000000 is an unknown value
RCX=0x0000000000800000 is an unknown value
RDX=0x01d4de0e00000080 is an unknown value
RSP=0x000000000283c450 is pointing into the stack for thread: 0x0000000002894000
RBP=0x000000000283c5a8 is pointing into the stack for thread: 0x0000000002894000
RSI=0x00007ffeffe931a0 is an unknown value
RDI=0x0000000000000000 is an unknown value
R8 =0x000000000283c3a0 is pointing into the stack for thread: 0x0000000002894000
R9 =0x000000007ffe0384 is an unknown value
R10=0x000000007ffe0385 is an unknown value
R11=0x0000000000000040 is an unknown value
R12=0x0000000000000004 is an unknown value
R13=0x00007ffeffe96370 is an unknown value
R14=0x00007ffeffe96108 is an unknown value
R15=0x00007ffeffe93408 is an unknown value


Stack: [0x0000000002740000,0x0000000002840000],  sp=0x000000000283c450,  free space=1009k
Native frames: (J=compiled Java code, j=interpreted, Vv=VM code, C=native code)
C  [KERNELBASE.dll+0x3a799]
C  [net.dll+0xed6f]
C  [net.dll+0xeae2]
C  [net.dll+0x5ae6]
C  [net.dll+0x6ab0]
C  [net.dll+0x6f97]
C  [net.dll+0x6178]
C  0x00000000029a89a7

Java frames: (J=compiled Java code, j=interpreted, Vv=VM code)
j  java.net.NetworkInterface.getAll()[Ljava/net/NetworkInterface;+0
j  java.net.NetworkInterface.getNetworkInterfaces()Ljava/util/Enumeration;+0
j  sun.security.provider.SeedGenerator.addNetworkAdapterInfo(Ljava/security/MessageDigest;)V+0
j  sun.security.provider.SeedGenerator.access$000(Ljava/security/MessageDigest;)V+1
j  sun.security.provider.SeedGenerator$1.run()Ljava/lang/Void;+61
j  sun.security.provider.SeedGenerator$1.run()Ljava/lang/Object;+1
v  ~StubRoutines::call_stub
j  java.security.AccessController.doPrivileged(Ljava/security/PrivilegedAction;)Ljava/lang/Object;+0
j  sun.security.provider.SeedGenerator.getSystemEntropy()[B+40
j  sun.security.provider.SecureRandom$SeederHolder.<clinit>()V+4
v  ~StubRoutines::call_stub
j  sun.security.provider.SecureRandom.engineNextBytes([B)V+21
j  java.security.SecureRandom.nextBytes([B)V+5
j  java.security.SecureRandom.next(I)I+17
j  java.util.Random.nextInt()I+3
j  sun.security.ssl.SSLContextImpl.engineInit([Ljavax/net/ssl/KeyManager;[Ljavax/net/ssl/TrustManager;Ljava/security/SecureRandom;)V+148
j  sun.security.ssl.SSLContextImpl$DefaultSSLContext.<init>()V+22
v  ~StubRoutines::call_stub
j  sun.reflect.NativeConstructorAccessorImpl.newInstance0(Ljava/lang/reflect/Constructor;[Ljava/lang/Object;)Ljava/lang/Object;+0
j  sun.reflect.NativeConstructorAccessorImpl.newInstance([Ljava/lang/Object;)Ljava/lang/Object;+85
j  sun.reflect.DelegatingConstructorAccessorImpl.newInstance([Ljava/lang/Object;)Ljava/lang/Object;+5
j  java.lang.reflect.Constructor.newInstance([Ljava/lang/Object;)Ljava/lang/Object;+79
j  java.security.Provider$Service.newInstance(Ljava/lang/Object;)Ljava/lang/Object;+170
j  sun.security.jca.GetInstance.getInstance(Ljava/security/Provider$Service;Ljava/lang/Class;)Lsun/security/jca/GetInstance$Instance;+2
j  sun.security.jca.GetInstance.getInstance(Ljava/lang/String;Ljava/lang/Class;Ljava/lang/String;)Lsun/security/jca/GetInstance$Instance;+56
j  javax.net.ssl.SSLContext.getInstance(Ljava/lang/String;)Ljavax/net/ssl/SSLContext;+5
j  javax.net.ssl.SSLContext.getDefault()Ljavax/net/ssl/SSLContext;+8
j  javax.net.ssl.SSLSocketFactory.getDefault()Ljavax/net/SocketFactory;+164
j  javax.net.ssl.HttpsURLConnection.getDefaultSSLSocketFactory()Ljavax/net/ssl/SSLSocketFactory;+6
j  javax.net.ssl.HttpsURLConnection.<init>(Ljava/net/URL;)V+13
j  sun.net.www.protocol.https.HttpsURLConnectionImpl.<init>(Ljava/net/URL;Ljava/net/Proxy;Lsun/net/www/protocol/https/Handler;)V+5
j  sun.net.www.protocol.https.Handler.openConnection(Ljava/net/URL;Ljava/net/Proxy;)Ljava/net/URLConnection;+7
j  java.net.URL.openConnection(Ljava/net/Proxy;)Ljava/net/URLConnection;+107
j  com.android.sdklib.repository.legacy.remote.internal.DownloadCache.openUrl(Ljava/lang/String;Z[Lorg/apache/http/Header;)Lcom/android/utils/Pair;+17
j  com.android.sdklib.repository.legacy.remote.internal.DownloadCache.downloadAndCache(Ljava/lang/String;Ljava/io/File;Ljava/io/File;[Lorg/apache/http/Header;Ljava/util/concurrent/atomic/AtomicInteger;)Ljava/io/InputStream;+24
j  com.android.sdklib.repository.legacy.remote.internal.DownloadCache.openCachedUrl(Ljava/lang/String;)Ljava/io/InputStream;+518
j  com.android.sdklib.repository.legacy.LegacyDownloader.downloadAndStream(Ljava/net/URL;Lcom/android/repository/api/ProgressIndicator;)Ljava/io/InputStream;+9
j  com.android.repository.impl.manager.RemoteRepoLoaderImpl.fetchPackages(Lcom/android/repository/api/ProgressIndicator;Lcom/android/repository/api/Downloader;Lcom/android/repository/api/SettingsController;)Ljava/util/Map;+200
j  com.android.repository.impl.manager.RepoManagerImpl$LoadTask.run(Lcom/android/repository/api/ProgressIndicator;Lcom/android/repository/api/ProgressRunner;)V+614
j  com.android.repository.api.RepoManager$DummyProgressRunner.runSyncWithProgress(Lcom/android/repository/api/ProgressRunner$ProgressRunnable;)V+6
j  com.android.repository.impl.manager.RepoManagerImpl.load(JLjava/util/List;Ljava/util/List;Ljava/util/List;Lcom/android/repository/api/ProgressRunner;Lcom/android/repository/api/Downloader;Lcom/android/repository/api/SettingsController;Z)V+218
j  com.android.repository.api.RepoManager.loadSynchronously(JLcom/android/repository/api/ProgressIndicator;Lcom/android/repository/api/Downloader;Lcom/android/repository/api/SettingsController;)Z+37
j  com.android.sdklib.tool.sdkmanager.ListAction.execute(Lcom/android/repository/api/ProgressIndicator;)V+22
j  com.android.sdklib.tool.sdkmanager.SdkManagerCli.run(Lcom/android/repository/api/ProgressIndicator;)V+23
j  com.android.sdklib.tool.sdkmanager.SdkManagerCli.main(Ljava/util/List;)V+148
j  com.android.sdklib.tool.sdkmanager.SdkManagerCli.main([Ljava/lang/String;)V+4
v  ~StubRoutines::call_stub

---------------  P R O C E S S  ---------------

Java Threads: ( => current thread )
  0x00000000197d5000 JavaThread "Service Thread" daemon [_thread_blocked, id=3544, stack(0x000000001a310000,0x000000001a410000)]
  0x0000000019748800 JavaThread "C1 CompilerThread3" daemon [_thread_blocked, id=13164, stack(0x000000001a210000,0x000000001a310000)]
  0x0000000019745800 JavaThread "C2 CompilerThread2" daemon [_thread_blocked, id=11344, stack(0x000000001a110000,0x000000001a210000)]
  0x0000000019743800 JavaThread "C2 CompilerThread1" daemon [_thread_blocked, id=12956, stack(0x000000001a010000,0x000000001a110000)]
  0x000000001973f800 JavaThread "C2 CompilerThread0" daemon [_thread_blocked, id=13292, stack(0x0000000019f10000,0x000000001a010000)]
  0x000000001973e800 JavaThread "Attach Listener" daemon [_thread_blocked, id=9684, stack(0x0000000019e10000,0x0000000019f10000)]
  0x000000001974e000 JavaThread "Signal Dispatcher" daemon [_thread_blocked, id=11708, stack(0x0000000019d10000,0x0000000019e10000)]
  0x0000000019730800 JavaThread "Finalizer" daemon [_thread_blocked, id=11352, stack(0x0000000019b10000,0x0000000019c10000)]
  0x000000000298b800 JavaThread "Reference Handler" daemon [_thread_blocked, id=11416, stack(0x0000000019610000,0x0000000019710000)]
=>0x0000000002894000 JavaThread "main" [_thread_in_native, id=9664, stack(0x0000000002740000,0x0000000002840000)]

Other Threads:
  0x0000000017848000 VMThread [stack: 0x0000000019510000,0x0000000019610000] [id=11996]
  0x00000000197d5800 WatcherThread [stack: 0x000000001a410000,0x000000001a510000] [id=8128]

VM state:not at safepoint (normal execution)

VM Mutex/Monitor currently owned by a thread: None

Heap:
 PSYoungGen      total 37888K, used 23874K [0x00000000d6500000, 0x00000000d8f00000, 0x0000000100000000)
  eden space 32768K, 72% used [0x00000000d6500000,0x00000000d7c50be8,0x00000000d8500000)
  from space 5120K, 0% used [0x00000000d8a00000,0x00000000d8a00000,0x00000000d8f00000)
  to   space 5120K, 0% used [0x00000000d8500000,0x00000000d8500000,0x00000000d8a00000)
 ParOldGen       total 86016K, used 0K [0x0000000082e00000, 0x0000000088200000, 0x00000000d6500000)
  object space 86016K, 0% used [0x0000000082e00000,0x0000000082e00000,0x0000000088200000)
 Metaspace       used 9964K, capacity 10180K, committed 10240K, reserved 1058816K
  class space    used 1162K, capacity 1254K, committed 1280K, reserved 1048576K

Card table byte_map: [0x0000000011d50000,0x0000000012140000] byte_map_base: 0x0000000011939000

Marking Bits: (ParMarkBitMap*) 0x0000000074cdbe50
 Begin Bits: [0x0000000012be0000, 0x0000000014b28000)
 End Bits:   [0x0000000014b28000, 0x0000000016a70000)

Polling page: 0x0000000000a30000

CodeCache: size=245760Kb used=3282Kb max_used=3298Kb free=242477Kb
 bounds [0x0000000002990000, 0x0000000002cd0000, 0x0000000011990000]
 total_blobs=1296 nmethods=942 adapters=268
 compilation: enabled

Compilation events (10 events):
Event: 0.454 Thread 0x0000000019743800  940       4       sun.nio.cs.SingleByte$Encoder::encode (32 bytes)
Event: 0.454 Thread 0x0000000019748800 nmethod 939 0x0000000002cc3d50 code [0x0000000002cc3ee0, 0x0000000002cc43f8]
Event: 0.454 Thread 0x0000000019745800  941       4       java.lang.Integer::reverseBytes (26 bytes)
Event: 0.454 Thread 0x0000000019748800  942       3       sun.security.provider.SHA::implCompress (491 bytes)
Event: 0.454 Thread 0x0000000019745800 nmethod 941 0x0000000002c40d90 code [0x0000000002c40ec0, 0x0000000002c40f38]
Event: 0.454 Thread 0x0000000019743800 nmethod 940 0x0000000002cc9b10 code [0x0000000002cc9c60, 0x0000000002cc9d78]
Event: 0.455 Thread 0x0000000019748800 nmethod 942 0x0000000002cc87d0 code [0x0000000002cc89c0, 0x0000000002cc92a8]
Event: 0.455 Thread 0x0000000019748800  943       3       java.nio.charset.CharsetEncoder::maxBytesPerChar (5 bytes)
Event: 0.455 Thread 0x0000000019748800 nmethod 943 0x0000000002cc1a50 code [0x0000000002cc1ba0, 0x0000000002cc1cf0]
Event: 0.456 Thread 0x000000001973f800 


GC Heap History (0 events):
No events

Deoptimization events (10 events):
Event: 0.277 Thread 0x0000000002894000 Uncommon trap: reason=unstable_if action=reinterpret pc=0x0000000002b5f588 method=java.lang.String.indexOf([CII[CIII)I @ 3
Event: 0.321 Thread 0x0000000002894000 Uncommon trap: reason=bimorphic action=maybe_recompile pc=0x0000000002bf2b18 method=java.util.regex.Pattern$Start.match(Ljava/util/regex/Matcher;ILjava/lang/CharSequence;)Z @ 44
Event: 0.321 Thread 0x0000000002894000 Uncommon trap: reason=bimorphic action=maybe_recompile pc=0x0000000002bf2b18 method=java.util.regex.Pattern$Start.match(Ljava/util/regex/Matcher;ILjava/lang/CharSequence;)Z @ 44
Event: 0.321 Thread 0x0000000002894000 Uncommon trap: reason=unstable_if action=reinterpret pc=0x0000000002bf2b78 method=java.util.regex.Pattern$BmpCharProperty.match(Ljava/util/regex/Matcher;ILjava/lang/CharSequence;)Z @ 34
Event: 0.325 Thread 0x0000000002894000 Uncommon trap: reason=unstable_if action=reinterpret pc=0x0000000002ba6418 method=sun.misc.MetaIndex.mayContain(Ljava/lang/String;)Z @ 38
Event: 0.402 Thread 0x0000000002894000 Uncommon trap: reason=bimorphic action=maybe_recompile pc=0x0000000002c4ea0c method=java.util.HashMap.putVal(ILjava/lang/Object;Ljava/lang/Object;ZZ)Ljava/lang/Object; @ 91
Event: 0.402 Thread 0x0000000002894000 Uncommon trap: reason=bimorphic action=maybe_recompile pc=0x0000000002c4ea0c method=java.util.HashMap.putVal(ILjava/lang/Object;Ljava/lang/Object;ZZ)Ljava/lang/Object; @ 91
Event: 0.402 Thread 0x0000000002894000 Uncommon trap: reason=bimorphic action=maybe_recompile pc=0x0000000002c4ea0c method=java.util.HashMap.putVal(ILjava/lang/Object;Ljava/lang/Object;ZZ)Ljava/lang/Object; @ 91
Event: 0.402 Thread 0x0000000002894000 Uncommon trap: reason=bimorphic action=maybe_recompile pc=0x0000000002c4ea0c method=java.util.HashMap.putVal(ILjava/lang/Object;Ljava/lang/Object;ZZ)Ljava/lang/Object; @ 91
Event: 0.448 Thread 0x0000000002894000 Uncommon trap: reason=unstable_if action=reinterpret pc=0x0000000002aa6dc0 method=java.lang.CharacterData.of(I)Ljava/lang/CharacterData; @ 4

Classes redefined (0 events):
No events

Internal exceptions (10 events):
Event: 0.313 Thread 0x0000000002894000 Exception <a 'sun/nio/fs/WindowsException'> (0x00000000d7308a08) thrown at [C:\Users\jenkins\workspace\openjdk8_build_x86-64_windows\openjdk\hotspot\src\share\vm\prims\jni.cpp, line 709]
Event: 0.313 Thread 0x0000000002894000 Exception <a 'sun/nio/fs/WindowsException'> (0x00000000d7309208) thrown at [C:\Users\jenkins\workspace\openjdk8_build_x86-64_windows\openjdk\hotspot\src\share\vm\prims\jni.cpp, line 709]
Event: 0.315 Thread 0x0000000002894000 Exception <a 'sun/nio/fs/WindowsException'> (0x00000000d733da58) thrown at [C:\Users\jenkins\workspace\openjdk8_build_x86-64_windows\openjdk\hotspot\src\share\vm\prims\jni.cpp, line 709]
Event: 0.315 Thread 0x0000000002894000 Exception <a 'sun/nio/fs/WindowsException'> (0x00000000d7340d18) thrown at [C:\Users\jenkins\workspace\openjdk8_build_x86-64_windows\openjdk\hotspot\src\share\vm\prims\jni.cpp, line 709]
Event: 0.315 Thread 0x0000000002894000 Exception <a 'sun/nio/fs/WindowsException'> (0x00000000d7341480) thrown at [C:\Users\jenkins\workspace\openjdk8_build_x86-64_windows\openjdk\hotspot\src\share\vm\prims\jni.cpp, line 709]
Event: 0.315 Thread 0x0000000002894000 Exception <a 'sun/nio/fs/WindowsException'> (0x00000000d7346a58) thrown at [C:\Users\jenkins\workspace\openjdk8_build_x86-64_windows\openjdk\hotspot\src\share\vm\prims\jni.cpp, line 709]
Event: 0.315 Thread 0x0000000002894000 Exception <a 'sun/nio/fs/WindowsException'> (0x00000000d7349c20) thrown at [C:\Users\jenkins\workspace\openjdk8_build_x86-64_windows\openjdk\hotspot\src\share\vm\prims\jni.cpp, line 709]
Event: 0.315 Thread 0x0000000002894000 Exception <a 'sun/nio/fs/WindowsException'> (0x00000000d734a368) thrown at [C:\Users\jenkins\workspace\openjdk8_build_x86-64_windows\openjdk\hotspot\src\share\vm\prims\jni.cpp, line 709]
Event: 0.315 Thread 0x0000000002894000 Exception <a 'sun/nio/fs/WindowsException'> (0x00000000d734adf8) thrown at [C:\Users\jenkins\workspace\openjdk8_build_x86-64_windows\openjdk\hotspot\src\share\vm\prims\jni.cpp, line 709]
Event: 0.316 Thread 0x0000000002894000 Exception <a 'sun/nio/fs/WindowsException'> (0x00000000d734b4a8) thrown at [C:\Users\jenkins\workspace\openjdk8_build_x86-64_windows\openjdk\hotspot\src\share\vm\prims\jni.cpp, line 709]

Events (10 events):
Event: 0.453 loading class sun/security/provider/SeedGenerator$1
Event: 0.453 loading class sun/security/provider/SeedGenerator$1 done
Event: 0.454 loading class java/net/NetworkInterface
Event: 0.454 loading class java/net/NetworkInterface done
Event: 0.455 loading class java/net/NetworkInterface$1
Event: 0.455 loading class java/net/NetworkInterface$1 done
Event: 0.455 loading class java/net/InterfaceAddress
Event: 0.455 loading class java/net/InterfaceAddress done
Event: 0.455 loading class java/net/DefaultInterface
Event: 0.455 loading class java/net/DefaultInterface done


Dynamic libraries:
0x00007ff78bcf0000 - 0x00007ff78bd25000 	C:\Program Files\Unity\Hub\Editor\2019.3.13f1\Editor\Data\PlaybackEngines\AndroidPlayer\OpenJDK\bin\java.exe
0x00007fff09900000 - 0x00007fff09af0000 	C:\WINDOWS\SYSTEM32\ntdll.dll
0x00007fff096d0000 - 0x00007fff09782000 	C:\WINDOWS\System32\KERNEL32.DLL
0x00007fff07160000 - 0x00007fff07404000 	C:\WINDOWS\System32\KERNELBASE.dll
0x00007fff08440000 - 0x00007fff084e3000 	C:\WINDOWS\System32\ADVAPI32.dll
0x00007fff083a0000 - 0x00007fff0843e000 	C:\WINDOWS\System32\msvcrt.dll
0x00007fff084f0000 - 0x00007fff08587000 	C:\WINDOWS\System32\sechost.dll
0x00007fff097a0000 - 0x00007fff098c0000 	C:\WINDOWS\System32\RPCRT4.dll
0x00007fff07e10000 - 0x00007fff07fa4000 	C:\WINDOWS\System32\USER32.dll
0x00007fff07410000 - 0x00007fff07431000 	C:\WINDOWS\System32\win32u.dll
0x00007fff080e0000 - 0x00007fff08106000 	C:\WINDOWS\System32\GDI32.dll
0x00007fff07630000 - 0x00007fff077c4000 	C:\WINDOWS\System32\gdi32full.dll
0x00007fff07590000 - 0x00007fff0762e000 	C:\WINDOWS\System32\msvcp_win.dll
0x00007fff078b0000 - 0x00007fff079aa000 	C:\WINDOWS\System32\ucrtbase.dll
0x00007ffeec920000 - 0x00007ffeecba4000 	C:\WINDOWS\WinSxS\amd64_microsoft.windows.common-controls_6595b64144ccf1df_6.0.18362.836_none_e6c4b943130f18ed\COMCTL32.dll
0x00007fff08c70000 - 0x00007fff08fa6000 	C:\WINDOWS\System32\combase.dll
0x00007fff06890000 - 0x00007fff06910000 	C:\WINDOWS\System32\bcryptPrimitives.dll
0x00007fff08fb0000 - 0x00007fff08fde000 	C:\WINDOWS\System32\IMM32.DLL
0x0000000074d60000 - 0x0000000074e32000 	C:\Program Files\Unity\Hub\Editor\2019.3.13f1\Editor\Data\PlaybackEngines\AndroidPlayer\OpenJDK\jre\bin\msvcr100.dll
0x0000000074510000 - 0x0000000074d59000 	C:\Program Files\Unity\Hub\Editor\2019.3.13f1\Editor\Data\PlaybackEngines\AndroidPlayer\OpenJDK\jre\bin\server\jvm.dll
0x00007fff08110000 - 0x00007fff08118000 	C:\WINDOWS\System32\PSAPI.DLL
0x00007fff02f30000 - 0x00007fff02f39000 	C:\WINDOWS\SYSTEM32\WSOCK32.dll
0x00007fff03ff0000 - 0x00007fff04014000 	C:\WINDOWS\SYSTEM32\WINMM.dll
0x00007fff01d70000 - 0x00007fff01d7a000 	C:\WINDOWS\SYSTEM32\VERSION.dll
0x00007fff08600000 - 0x00007fff0866f000 	C:\WINDOWS\System32\WS2_32.dll
0x00007fff03fc0000 - 0x00007fff03fed000 	C:\WINDOWS\SYSTEM32\WINMMBASE.dll
0x00007fff07860000 - 0x00007fff078aa000 	C:\WINDOWS\System32\cfgmgr32.dll
0x00007ffeffec0000 - 0x00007ffeffecf000 	C:\Program Files\Unity\Hub\Editor\2019.3.13f1\Editor\Data\PlaybackEngines\AndroidPlayer\OpenJDK\jre\bin\verify.dll
0x00007ffedbe90000 - 0x00007ffedbeb9000 	C:\Program Files\Unity\Hub\Editor\2019.3.13f1\Editor\Data\PlaybackEngines\AndroidPlayer\OpenJDK\jre\bin\java.dll
0x00007ffecfff0000 - 0x00007ffed0006000 	C:\Program Files\Unity\Hub\Editor\2019.3.13f1\Editor\Data\PlaybackEngines\AndroidPlayer\OpenJDK\jre\bin\zip.dll
0x00007fff08fe0000 - 0x00007fff096c4000 	C:\WINDOWS\System32\SHELL32.dll
0x00007fff086f0000 - 0x00007fff08799000 	C:\WINDOWS\System32\shcore.dll
0x00007fff069c0000 - 0x00007fff0713e000 	C:\WINDOWS\System32\windows.storage.dll
0x00007fff06840000 - 0x00007fff06863000 	C:\WINDOWS\System32\profapi.dll
0x00007fff067f0000 - 0x00007fff0683a000 	C:\WINDOWS\System32\powrprof.dll
0x00007fff067c0000 - 0x00007fff067d0000 	C:\WINDOWS\System32\UMPDC.dll
0x00007fff085a0000 - 0x00007fff085f2000 	C:\WINDOWS\System32\shlwapi.dll
0x00007fff067d0000 - 0x00007fff067e1000 	C:\WINDOWS\System32\kernel.appcore.dll
0x00007fff07140000 - 0x00007fff07157000 	C:\WINDOWS\System32\cryptsp.dll
0x00007ffeffe80000 - 0x00007ffeffe9a000 	C:\Program Files\Unity\Hub\Editor\2019.3.13f1\Editor\Data\PlaybackEngines\AndroidPlayer\OpenJDK\jre\bin\net.dll
0x00007fff06030000 - 0x00007fff06097000 	C:\WINDOWS\system32\mswsock.dll
0x00007ffecfed0000 - 0x00007ffecfee1000 	C:\Program Files\Unity\Hub\Editor\2019.3.13f1\Editor\Data\PlaybackEngines\AndroidPlayer\OpenJDK\jre\bin\nio.dll
0x00007ffedfa80000 - 0x00007ffedfaa4000 	C:\Program Files\Unity\Hub\Editor\2019.3.13f1\Editor\Data\PlaybackEngines\AndroidPlayer\OpenJDK\jre\bin\sunec.dll
0x00007fff05ba0000 - 0x00007fff05bd3000 	C:\WINDOWS\system32\rsaenh.dll
0x00007fff07830000 - 0x00007fff07856000 	C:\WINDOWS\System32\bcrypt.dll
0x00007fff066e0000 - 0x00007fff06705000 	C:\WINDOWS\SYSTEM32\USERENV.dll
0x00007fff06200000 - 0x00007fff0620c000 	C:\WINDOWS\SYSTEM32\CRYPTBASE.dll
0x00007fff04850000 - 0x00007fff04a44000 	C:\WINDOWS\SYSTEM32\dbghelp.dll

VM Arguments:
jvm_args: -Dcom.android.sdklib.toolsdir=C:\Program Files\Unity\Hub\Editor\2019.3.13f1\Editor\Data\PlaybackEngines\AndroidPlayer\SDK\tools\bin\\.. 
java_command: com.android.sdklib.tool.sdkmanager.SdkManagerCli --list
java_class_path (initial): C:\Program Files\Unity\Hub\Editor\2019.3.13f1\Editor\Data\PlaybackEngines\AndroidPlayer\SDK\tools\bin\..\lib\dvlib-26.0.0-dev.jar;C:\Program Files\Unity\Hub\Editor\2019.3.13f1\Editor\Data\PlaybackEngines\AndroidPlayer\SDK\tools\bin\..\lib\jimfs-1.1.jar;C:\Program Files\Unity\Hub\Editor\2019.3.13f1\Editor\Data\PlaybackEngines\AndroidPlayer\SDK\tools\bin\..\lib\jsr305-1.3.9.jar;C:\Program Files\Unity\Hub\Editor\2019.3.13f1\Editor\Data\PlaybackEngines\AndroidPlayer\SDK\tools\bin\..\lib\repository-26.0.0-dev.jar;C:\Program Files\Unity\Hub\Editor\2019.3.13f1\Editor\Data\PlaybackEngines\AndroidPlayer\SDK\tools\bin\..\lib\j2objc-annotations-1.1.jar;C:\Program Files\Unity\Hub\Editor\2019.3.13f1\Editor\Data\PlaybackEngines\AndroidPlayer\SDK\tools\bin\..\lib\layoutlib-api-26.0.0-dev.jar;C:\Program Files\Unity\Hub\Editor\2019.3.13f1\Editor\Data\PlaybackEngines\AndroidPlayer\SDK\tools\bin\..\lib\gson-2.3.jar;C:\Program Files\Unity\Hub\Editor\2019.3.13f1\Editor\Data\PlaybackEngines\AndroidPlayer\SDK\tools\bin\..\lib\httpcore-4.2.5.jar;C:\Program Files\Unity\Hub\Editor\2019.3.13f1\Editor\Data\PlaybackEngines\AndroidPlayer\SDK\tools\bin\..\lib\commons-logging-1.1.1.jar;C:\Program Files\Unity\Hub\Editor\2019.3.13f1\Editor\Data\PlaybackEngines\AndroidPlayer\SDK\tools\bin\..\lib\commons-compress-1.12.jar;C:\Program Files\Unity\Hub\Editor\2019.3.13f1\Editor\Data\PlaybackEngines\AndroidPlayer\SDK\tools\bin\..\lib\annotations-26.0.0-dev.jar;C:\Program Files\Unity\Hub\Editor\2019.3.13f1\Editor\Data\PlaybackEngines\AndroidPlayer\SDK\tools\bin\..\lib\error_prone_annotations-2.0.18.jar;C:\Program Files\Unity\Hub\Editor\2019.3.13f1\Editor\Data\PlaybackEngines\AndroidPlayer\SDK\tools\bin\..\lib\animal-sniffer-annotations-1.14.jar;C:\Program Files\Unity\Hub\Editor\2019.3.13f1\Editor\Data\PlaybackEngines\AndroidPlayer\SDK\tools\bin\..\lib\httpclient-4.2.6.jar;C:\Program Files\Unity\Hub\Editor\2019.3.13f1\Editor\Data\PlaybackEngines\AndroidPlayer\SDK\tools\bin\..\lib
Launcher Type: SUN_STANDARD

Environment Variables:
JAVA_HOME=C:/Program Files/Unity/Hub/Editor/2019.3.13f1/Editor/Data/PlaybackEngines/AndroidPlayer\OpenJDK
PATH=C:\Program Files (x86)\Common Files\Oracle\Java\javapath;C:\Program Files (x86)\Intel\Intel(R) Management Engine Components\iCLS\;C:\Program Files\Intel\Intel(R) Management Engine Components\iCLS\;C:\windows\system32;C:\windows;C:\windows\System32\Wbem;C:\windows\System32\WindowsPowerShell\v1.0\;C:\windows\System32\OpenSSH\;C:\Program Files (x86)\Intel\Intel(R) Management Engine Components\DAL;C:\Program Files\Intel\Intel(R) Management Engine Components\DAL;C:\Program Files (x86)\Intel\Intel(R) Management Engine Components\IPT;C:\Program Files\Intel\Intel(R) Management Engine Components\IPT;C:\Program Files (x86)\NVIDIA Corporation\PhysX\Common;C:\Program Files\nodejs\;C:\Program Files\Java\jdk1.8.0_221\bin;C:\Program Files\Java\jre1.8.0_221;C:\WINDOWS\system32;C:\WINDOWS;C:\WINDOWS\System32\Wbem;C:\WINDOWS\System32\WindowsPowerShell\v1.0\;C:\WINDOWS\System32\OpenSSH\;C:\Program Files (x86)\GnuWin32\bin;C:\Program Files (x86)\CodeBlocks\MinGW\bin;C:\Program Files\Git\cmd;C:\Users\athar\AppData\Local\Microsoft\WindowsApps;C:\Users\athar\AppData\Local\Programs\Microsoft VS Code\bin;C:\Users\athar\AppData\Roaming\npm;C:\GnuWin32\bin;C:\Dev-Cpp\bin;
USERNAME=athar
OS=Windows_NT
PROCESSOR_IDENTIFIER=Intel64 Family 6 Model 158 Stepping 10, GenuineIntel



---------------  S Y S T E M  ---------------

OS: Windows 10.0 , 64 bit Build 18362 (10.0.18362.778)

CPU:total 8 (initial active 8) (4 cores per cpu, 2 threads per core) family 6 model 158 stepping 10, cmov, cx8, fxsr, mmx, sse, sse2, sse3, ssse3, sse4.1, sse4.2, popcnt, avx, avx2, aes, clmul, erms, 3dnowpref, lzcnt, ht, tsc, tscinvbit, bmi1, bmi2, adx

Memory: 4k page, physical 8192524k(2208236k free), swap 8192524k(19436k free)

vm_info: OpenJDK 64-Bit Server VM (25.71-b00) for windows-amd64 JRE (1.8.0-adoptopenjdk-_2018_05_19_00_59-b00), built on May 19 2018 01:02:12 by "jenkins" with MS VC++ 10.0 (VS2010)

time: Sat May 30 00:49:44 2020
elapsed time: 0 seconds (0d 0h 0m 0s)

